TN:
SF:src/features/builder/command-builder-modal.ts
FN:10,escapeHtml
FN:19,cssEscapedId
FN:23,buildCommand
FN:47,openCommandBuilderModal
FN:50,closeModal
FN:55,onEsc
FN:106,updateOutput
FN:110,bindFlagEvents
FN:119,renderFlags
FN:146,loadButton.onclick
FN:174,copyButton.onclick
FN:191,runButton.onclick
FN:199,saveButton.onclick
FN:216,overlay.onclick
FNF:14
FNH:11
FNDA:13,escapeHtml
FNDA:4,cssEscapedId
FNDA:3,buildCommand
FNDA:6,openCommandBuilderModal
FNDA:4,closeModal
FNDA:2,onEsc
FNDA:3,updateOutput
FNDA:2,bindFlagEvents
FNDA:2,renderFlags
FNDA:2,loadButton.onclick
FNDA:0,copyButton.onclick
FNDA:0,runButton.onclick
FNDA:0,saveButton.onclick
FNDA:4,overlay.onclick
DA:1,1
DA:10,13
DA:11,13
DA:12,13
DA:13,13
DA:14,13
DA:15,13
DA:16,13
DA:17,13
DA:19,4
DA:20,4
DA:21,4
DA:23,3
DA:24,3
DA:26,3
DA:27,4
DA:28,4
DA:30,4
DA:32,1
DA:34,4
DA:35,0
DA:36,0
DA:38,0
DA:39,0
DA:40,0
DA:41,0
DA:42,3
DA:44,3
DA:45,3
DA:47,1
DA:48,6
DA:50,6
DA:51,4
DA:52,4
DA:53,4
DA:55,6
DA:56,2
DA:57,2
DA:58,2
DA:59,2
DA:61,6
DA:63,6
DA:93,6
DA:94,6
DA:95,6
DA:96,6
DA:97,6
DA:98,6
DA:99,6
DA:100,6
DA:101,6
DA:102,6
DA:104,6
DA:106,6
DA:107,3
DA:108,3
DA:110,6
DA:111,2
DA:113,2
DA:114,4
DA:115,4
DA:116,2
DA:117,2
DA:119,6
DA:120,2
DA:121,0
DA:122,0
DA:123,0
DA:124,0
DA:126,2
DA:127,2
DA:128,3
DA:129,3
DA:131,3
DA:132,3
DA:133,3
DA:134,3
DA:135,3
DA:136,3
DA:139,2
DA:140,2
DA:142,2
DA:143,2
DA:144,2
DA:146,6
DA:147,2
DA:149,2
DA:150,0
DA:151,0
DA:152,0
DA:154,2
DA:155,2
DA:156,2
DA:157,2
DA:159,2
DA:160,2
DA:161,2
DA:162,2
DA:163,2
DA:164,0
DA:165,0
DA:166,0
DA:167,0
DA:168,2
DA:169,2
DA:170,2
DA:171,2
DA:172,2
DA:174,6
DA:175,0
DA:177,0
DA:179,0
DA:180,0
DA:181,0
DA:182,0
DA:183,0
DA:184,0
DA:185,0
DA:186,0
DA:187,0
DA:188,0
DA:189,0
DA:191,6
DA:192,0
DA:194,0
DA:196,0
DA:197,0
DA:199,6
DA:200,0
DA:202,0
DA:204,0
DA:205,0
DA:206,0
DA:207,0
DA:208,0
DA:209,0
DA:211,6
DA:212,0
DA:213,6
DA:215,6
DA:216,6
DA:217,4
DA:218,1
DA:219,1
DA:220,4
DA:221,6
LF:146
LH:103
BRDA:10,0,0,13
BRDA:19,1,0,4
BRDA:23,2,0,3
BRDA:26,3,0,4
BRDA:30,4,0,3
BRDA:30,5,0,1
BRDA:34,6,0,0
BRDA:47,7,0,6
BRDA:50,8,0,4
BRDA:55,9,0,2
BRDA:106,10,0,3
BRDA:110,11,0,2
BRDA:113,12,0,4
BRDA:119,13,0,2
BRDA:120,14,0,0
BRDA:127,15,0,3
BRDA:136,16,0,1
BRDA:136,17,0,2
BRDA:146,18,0,2
BRDA:149,19,0,0
BRDA:163,20,0,0
BRDA:216,21,0,4
BRDA:217,22,0,1
BRF:23
BRH:19
end_of_record
TN:
SF:src/features/help/app-help.ts
FN:1,(empty-report)
FNF:1
FNH:0
FNDA:0,(empty-report)
DA:1,0
DA:2,0
DA:3,0
DA:4,0
DA:5,0
DA:7,0
DA:8,0
DA:9,0
DA:10,0
DA:11,0
DA:13,0
DA:15,0
DA:199,0
DA:200,0
DA:202,0
DA:203,0
DA:204,0
DA:206,0
DA:207,0
DA:208,0
DA:209,0
DA:210,0
DA:211,0
DA:212,0
DA:213,0
LF:25
LH:0
BRDA:1,0,0,0
BRF:1
BRH:0
end_of_record
TN:
SF:src/features/help/command-help.ts
FN:1,(empty-report)
FNF:1
FNH:0
FNDA:0,(empty-report)
DA:1,0
DA:3,0
DA:4,0
DA:5,0
DA:6,0
DA:7,0
DA:8,0
DA:9,0
DA:10,0
DA:12,0
DA:13,0
DA:15,0
DA:16,0
DA:17,0
DA:18,0
DA:20,0
DA:21,0
DA:22,0
DA:23,0
DA:24,0
DA:26,0
DA:28,0
DA:37,0
DA:43,0
DA:44,0
DA:46,0
DA:47,0
DA:48,0
DA:50,0
DA:51,0
DA:52,0
DA:53,0
DA:54,0
DA:55,0
DA:56,0
DA:58,0
DA:59,0
DA:61,0
DA:65,0
DA:72,0
DA:78,0
DA:79,0
DA:81,0
DA:82,0
DA:83,0
DA:85,0
DA:86,0
DA:87,0
DA:88,0
DA:89,0
DA:90,0
DA:91,0
DA:93,0
DA:95,0
DA:96,0
DA:97,0
DA:98,0
DA:100,0
DA:101,0
DA:102,0
DA:103,0
DA:104,0
DA:105,0
DA:106,0
DA:107,0
DA:108,0
DA:109,0
DA:113,0
DA:123,0
DA:124,0
DA:126,0
DA:127,0
DA:128,0
DA:130,0
DA:131,0
DA:132,0
DA:133,0
DA:134,0
DA:135,0
DA:136,0
DA:137,0
DA:138,0
LF:82
LH:0
BRDA:1,0,0,0
BRF:1
BRH:0
end_of_record
TN:
SF:src/features/history/favorites-store.ts
FN:8,createFavoritesStore
FN:12,isFavorite
FN:16,toggle
FN:26,sort
FN:42,persist
FN:48,loadFavorites
FNF:6
FNH:6
FNDA:9,createFavoritesStore
FNDA:10,isFavorite
FNDA:6,toggle
FNDA:4,sort
FNDA:2,persist
FNDA:9,loadFavorites
DA:8,1
DA:9,9
DA:11,9
DA:12,9
DA:13,10
DA:14,10
DA:16,9
DA:17,6
DA:18,1
DA:19,1
DA:20,1
DA:22,5
DA:23,5
DA:24,6
DA:26,9
DA:27,4
DA:28,4
DA:30,4
DA:31,9
DA:32,3
DA:33,3
DA:34,3
DA:36,6
DA:37,4
DA:39,4
DA:40,4
DA:42,9
DA:43,2
DA:44,2
DA:45,9
DA:46,9
DA:48,9
DA:49,9
DA:51,9
DA:52,6
DA:53,6
DA:55,3
DA:56,3
DA:58,9
DA:59,1
DA:60,1
DA:62,1
DA:63,1
DA:64,1
DA:65,1
DA:66,9
LF:46
LH:46
BRDA:8,0,0,9
BRDA:12,1,0,10
BRDA:16,2,0,6
BRDA:17,3,0,1
BRDA:20,4,0,5
BRDA:26,5,0,4
BRDA:30,6,0,9
BRDA:31,7,0,7
BRDA:31,8,0,3
BRDA:34,9,0,6
BRDA:42,10,0,2
BRDA:48,11,0,9
BRDA:51,12,0,6
BRDA:53,13,0,3
BRDA:58,14,0,1
BRDA:62,15,0,1
BRF:16
BRH:16
end_of_record
TN:
SF:src/features/history/history-list.ts
FN:16,renderHistoryList
FN:52,favoriteButton.onclick
FN:82,saveButton.onclick
FN:104,li.onclick
FN:122,li.ondblclick
FNF:5
FNH:3
FNDA:3,renderHistoryList
FNDA:1,favoriteButton.onclick
FNDA:1,saveButton.onclick
FNDA:0,li.onclick
FNDA:0,li.ondblclick
DA:16,1
DA:17,3
DA:18,3
DA:19,3
DA:20,3
DA:21,3
DA:22,3
DA:23,3
DA:24,3
DA:25,3
DA:26,3
DA:27,3
DA:29,3
DA:31,3
DA:32,5
DA:34,4
DA:35,4
DA:37,5
DA:38,1
DA:39,1
DA:41,4
DA:42,4
DA:44,4
DA:45,4
DA:47,4
DA:48,4
DA:49,5
DA:50,5
DA:52,5
DA:53,1
DA:55,1
DA:56,1
DA:58,1
DA:59,0
DA:60,1
DA:61,1
DA:62,1
DA:63,1
DA:65,1
DA:66,1
DA:68,1
DA:69,1
DA:70,1
DA:71,0
DA:72,0
DA:73,1
DA:75,5
DA:76,5
DA:78,5
DA:79,5
DA:80,5
DA:82,5
DA:83,1
DA:85,1
DA:86,1
DA:87,1
DA:88,1
DA:89,0
DA:90,0
DA:92,1
DA:93,1
DA:94,0
DA:95,0
DA:96,0
DA:97,1
DA:99,5
DA:100,5
DA:101,5
DA:102,5
DA:104,5
DA:105,0
DA:107,0
DA:109,0
DA:110,0
DA:111,0
DA:112,0
DA:114,0
DA:115,0
DA:116,0
DA:117,0
DA:118,0
DA:119,0
DA:120,0
DA:122,5
DA:123,0
DA:124,0
DA:126,5
DA:127,3
DA:128,3
LF:89
LH:66
BRDA:16,0,0,3
BRDA:31,1,0,5
BRDA:32,2,0,1
BRDA:32,3,0,4
BRDA:37,4,0,1
BRDA:39,5,0,4
BRDA:49,6,0,1
BRDA:49,7,0,3
BRDA:50,8,0,1
BRDA:50,9,0,3
BRDA:79,10,0,4
BRDA:79,11,0,0
BRDA:80,12,0,4
BRDA:80,13,0,0
BRDA:52,14,0,1
BRDA:58,15,0,0
BRDA:70,16,0,0
BRDA:82,17,0,1
BRDA:88,18,0,0
BRDA:93,19,0,0
BRF:20
BRH:14
end_of_record
TN:
SF:src/features/history/saved-commands-cache.ts
FN:3,<instance_members_initializer>
FN:6,sync
FN:18,getId
FN:22,has
FNF:4
FNH:4
FNDA:4,<instance_members_initializer>
FNDA:1,sync
FNDA:6,getId
FNDA:2,has
DA:1,1
DA:3,1
DA:4,4
DA:6,4
DA:7,1
DA:9,1
DA:11,1
DA:12,3
DA:13,2
DA:14,2
DA:15,1
DA:16,1
DA:18,4
DA:19,6
DA:20,6
DA:22,4
DA:23,2
DA:24,2
DA:25,4
LF:19
LH:19
BRDA:3,0,0,4
BRDA:6,1,0,1
BRDA:11,2,0,3
BRDA:12,3,0,2
BRDA:18,4,0,6
BRDA:22,5,0,2
BRF:6
BRH:6
end_of_record
TN:
SF:src/features/history/saved-commands-modal.ts
FN:10,openSavedCommandsModal
FNF:1
FNH:1
FNDA:3,openSavedCommandsModal
DA:2,1
DA:10,3
DA:11,3
DA:13,3
DA:15,3
DA:16,2
DA:17,2
DA:18,2
DA:20,1
DA:21,1
DA:22,1
DA:23,1
DA:24,1
DA:27,1
DA:32,1
DA:40,1
DA:47,1
DA:48,1
DA:49,1
DA:51,1
DA:53,1
DA:54,1
DA:55,1
DA:56,1
DA:58,1
DA:60,1
DA:61,1
DA:62,1
DA:63,1
DA:64,0
DA:65,0
DA:66,1
DA:67,1
DA:69,1
DA:71,1
DA:72,1
DA:73,1
DA:74,1
DA:76,1
DA:77,1
DA:78,0
DA:79,0
DA:80,1
DA:81,1
DA:82,1
LF:45
LH:41
BRDA:10,0,0,3
BRDA:15,1,0,2
BRDA:18,2,0,1
BRDA:23,3,0,1
BRDA:53,4,0,1
BRDA:54,5,0,1
BRDA:63,6,0,0
BRDA:71,7,0,1
BRDA:72,8,0,1
BRDA:76,9,0,0
BRDA:77,10,0,0
BRF:11
BRH:8
end_of_record
TN:
SF:src/features/history/saved-history-modal.ts
FN:10,openSavedHistoryModal
FNF:1
FNH:1
FNDA:1,openSavedHistoryModal
DA:2,1
DA:10,1
DA:11,1
DA:13,1
DA:15,1
DA:16,1
DA:17,1
DA:18,1
DA:20,0
DA:21,0
DA:22,0
DA:23,0
DA:24,0
DA:28,0
DA:30,0
DA:34,0
DA:40,0
DA:41,0
DA:42,0
DA:44,0
DA:46,0
DA:47,0
DA:48,0
DA:49,0
DA:51,0
DA:53,0
DA:54,0
DA:55,0
DA:56,0
DA:57,0
DA:58,0
DA:59,0
DA:60,0
DA:62,0
DA:64,0
DA:65,0
DA:66,0
DA:67,0
DA:69,0
DA:70,0
DA:71,0
DA:72,0
DA:73,0
DA:74,0
DA:75,0
LF:45
LH:8
BRDA:10,0,0,1
BRDA:18,1,0,0
BRF:2
BRH:1
end_of_record
TN:
SF:src/features/modal/saved-modal.ts
FN:1,(empty-report)
FNF:1
FNH:0
FNDA:0,(empty-report)
DA:1,0
DA:2,0
DA:4,0
DA:12,0
DA:20,0
DA:27,0
DA:29,0
DA:30,0
DA:31,0
DA:32,0
DA:33,0
DA:34,0
LF:12
LH:0
BRDA:1,0,0,0
BRF:1
BRH:0
end_of_record
TN:
SF:src/services/tauri-api.ts
FN:5,hasTldr
FN:9,installTldr
FN:13,getHistory
FN:17,saveHistory
FN:21,saveCommand
FN:25,deleteSavedCommand
FN:29,runCommand
FN:33,saveTerminalWindow
FN:37,disconnectTerminal
FN:41,getSavedCommands
FN:45,getSavedHistory
FN:49,getTldr
FN:53,getCommandHelp
FNF:13
FNH:13
FNDA:1,hasTldr
FNDA:1,installTldr
FNDA:1,getHistory
FNDA:1,saveHistory
FNDA:1,saveCommand
FNDA:1,deleteSavedCommand
FNDA:1,runCommand
FNDA:1,saveTerminalWindow
FNDA:1,disconnectTerminal
FNDA:1,getSavedCommands
FNDA:1,getSavedHistory
FNDA:1,getTldr
FNDA:1,getCommandHelp
DA:1,1
DA:4,1
DA:5,1
DA:6,1
DA:7,1
DA:9,1
DA:10,1
DA:11,1
DA:13,1
DA:14,1
DA:15,1
DA:17,1
DA:18,1
DA:19,1
DA:21,1
DA:22,1
DA:23,1
DA:25,1
DA:26,1
DA:27,1
DA:29,1
DA:30,1
DA:31,1
DA:33,1
DA:34,1
DA:35,1
DA:37,1
DA:38,1
DA:39,1
DA:41,1
DA:42,1
DA:43,1
DA:45,1
DA:46,1
DA:47,1
DA:49,1
DA:50,1
DA:51,1
DA:53,1
DA:54,1
DA:55,1
DA:56,1
LF:42
LH:42
BRDA:5,0,0,1
BRDA:9,1,0,1
BRDA:13,2,0,1
BRDA:17,3,0,1
BRDA:21,4,0,1
BRDA:25,5,0,1
BRDA:29,6,0,1
BRDA:33,7,0,1
BRDA:37,8,0,1
BRDA:41,9,0,1
BRDA:45,10,0,1
BRDA:49,11,0,1
BRDA:53,12,0,1
BRF:13
BRH:13
end_of_record
TN:
SF:src/shared/types/command.ts
FN:1,(empty-report)
FNF:1
FNH:1
FNDA:1,(empty-report)
LF:0
LH:0
BRDA:1,0,0,1
BRF:1
BRH:1
end_of_record
