TN:
SF:src/features/builder/command-builder-modal.ts
FN:10,escapeHtml
FN:19,cssEscapedId
FN:23,buildCommand
FN:47,openCommandBuilderModal
FN:50,closeModal
FN:55,onEsc
FN:106,updateOutput
FN:110,bindFlagEvents
FN:119,renderFlags
FN:150,loadButton.onclick
FN:178,copyButton.onclick
FN:195,runButton.onclick
FN:203,saveButton.onclick
FN:220,overlay.onclick
FNF:14
FNH:11
FNDA:13,escapeHtml
FNDA:4,cssEscapedId
FNDA:3,buildCommand
FNDA:6,openCommandBuilderModal
FNDA:4,closeModal
FNDA:2,onEsc
FNDA:3,updateOutput
FNDA:2,bindFlagEvents
FNDA:2,renderFlags
FNDA:2,loadButton.onclick
FNDA:0,copyButton.onclick
FNDA:0,runButton.onclick
FNDA:0,saveButton.onclick
FNDA:4,overlay.onclick
DA:1,1
DA:10,13
DA:11,13
DA:12,13
DA:13,13
DA:14,13
DA:15,13
DA:16,13
DA:17,13
DA:19,4
DA:20,4
DA:21,4
DA:23,3
DA:24,3
DA:26,3
DA:27,4
DA:28,4
DA:30,4
DA:32,1
DA:34,4
DA:35,0
DA:36,0
DA:38,0
DA:39,0
DA:40,0
DA:41,0
DA:42,3
DA:44,3
DA:45,3
DA:47,1
DA:48,6
DA:50,6
DA:51,4
DA:52,4
DA:53,4
DA:55,6
DA:56,2
DA:57,2
DA:58,2
DA:59,2
DA:61,6
DA:63,6
DA:93,6
DA:94,6
DA:95,6
DA:96,6
DA:97,6
DA:98,6
DA:99,6
DA:100,6
DA:101,6
DA:102,6
DA:104,6
DA:106,6
DA:107,3
DA:108,3
DA:110,6
DA:111,2
DA:113,2
DA:114,4
DA:115,4
DA:116,2
DA:117,2
DA:119,6
DA:120,2
DA:121,0
DA:122,0
DA:123,0
DA:124,0
DA:126,2
DA:127,2
DA:128,3
DA:129,3
DA:131,3
DA:132,3
DA:134,3
DA:136,3
DA:137,3
DA:138,3
DA:139,3
DA:140,3
DA:143,2
DA:144,2
DA:146,2
DA:147,2
DA:148,2
DA:150,6
DA:151,2
DA:153,2
DA:154,0
DA:155,0
DA:156,0
DA:158,2
DA:159,2
DA:160,2
DA:161,2
DA:163,2
DA:164,2
DA:165,2
DA:166,2
DA:167,2
DA:168,0
DA:169,0
DA:170,0
DA:171,0
DA:172,2
DA:173,2
DA:174,2
DA:175,2
DA:176,2
DA:178,6
DA:179,0
DA:181,0
DA:183,0
DA:184,0
DA:185,0
DA:186,0
DA:187,0
DA:188,0
DA:189,0
DA:190,0
DA:191,0
DA:192,0
DA:193,0
DA:195,6
DA:196,0
DA:198,0
DA:200,0
DA:201,0
DA:203,6
DA:204,0
DA:206,0
DA:208,0
DA:209,0
DA:210,0
DA:211,0
DA:212,0
DA:213,0
DA:215,6
DA:216,0
DA:217,6
DA:219,6
DA:220,6
DA:221,4
DA:222,1
DA:223,1
DA:224,4
DA:225,6
LF:148
LH:105
BRDA:10,0,0,13
BRDA:19,1,0,4
BRDA:23,2,0,3
BRDA:26,3,0,4
BRDA:30,4,0,3
BRDA:30,5,0,1
BRDA:34,6,0,0
BRDA:47,7,0,6
BRDA:50,8,0,4
BRDA:55,9,0,2
BRDA:106,10,0,3
BRDA:110,11,0,2
BRDA:113,12,0,4
BRDA:119,13,0,2
BRDA:120,14,0,0
BRDA:127,15,0,3
BRDA:131,16,0,0
BRDA:132,17,0,0
BRDA:138,18,0,0
BRDA:140,19,0,1
BRDA:140,20,0,2
BRDA:150,21,0,2
BRDA:153,22,0,0
BRDA:167,23,0,0
BRDA:220,24,0,4
BRDA:221,25,0,1
BRF:26
BRH:19
end_of_record
TN:
SF:src/features/help/app-help.ts
FN:1,openAppHelp
FN:2,closeModal
FN:7,handleEscape
FN:264,overlay.onclick
FNF:4
FNH:4
FNDA:4,openAppHelp
FNDA:4,closeModal
FNDA:2,handleEscape
FNDA:2,overlay.onclick
DA:1,1
DA:2,4
DA:3,4
DA:4,4
DA:5,4
DA:7,4
DA:8,2
DA:9,2
DA:10,2
DA:11,2
DA:13,4
DA:15,4
DA:256,4
DA:257,4
DA:259,4
DA:260,4
DA:261,4
DA:263,4
DA:264,4
DA:265,2
DA:266,1
DA:267,1
DA:268,2
DA:269,4
DA:270,4
LF:25
LH:25
BRDA:1,0,0,4
BRDA:2,1,0,4
BRDA:7,2,0,2
BRDA:264,3,0,2
BRDA:265,4,0,1
BRF:5
BRH:5
end_of_record
TN:
SF:src/features/help/command-help.ts
FN:4,escapeHtml
FN:13,showCommandHelp
FN:16,closeModal
FN:21,handleEscape
FN:52,loadingOverlay.onclick
FN:91,overlay.onclick
FN:101,saveButton.onclick
FN:116,deepButton.onclick
FN:181,overlay.onclick
FNF:9
FNH:8
FNDA:14,escapeHtml
FNDA:5,showCommandHelp
FNDA:5,closeModal
FNDA:3,handleEscape
FNDA:0,loadingOverlay.onclick
FNDA:1,overlay.onclick
FNDA:1,saveButton.onclick
FNDA:2,deepButton.onclick
FNDA:1,overlay.onclick
DA:1,1
DA:2,1
DA:4,14
DA:5,14
DA:6,14
DA:7,14
DA:8,14
DA:9,14
DA:10,14
DA:11,14
DA:13,5
DA:14,5
DA:16,5
DA:17,5
DA:18,5
DA:19,5
DA:21,5
DA:22,3
DA:23,3
DA:24,3
DA:25,3
DA:27,5
DA:29,5
DA:38,5
DA:44,5
DA:45,5
DA:47,5
DA:48,5
DA:49,5
DA:51,5
DA:52,5
DA:53,0
DA:54,0
DA:55,0
DA:56,0
DA:57,5
DA:59,5
DA:60,5
DA:62,4
DA:66,4
DA:73,4
DA:83,4
DA:84,4
DA:86,4
DA:87,4
DA:88,4
DA:90,4
DA:91,4
DA:92,1
DA:93,1
DA:94,1
DA:95,1
DA:96,4
DA:98,4
DA:100,4
DA:101,4
DA:102,1
DA:103,1
DA:105,1
DA:106,1
DA:107,0
DA:108,0
DA:109,0
DA:110,1
DA:111,4
DA:112,4
DA:114,4
DA:116,4
DA:118,2
DA:119,2
DA:120,2
DA:121,2
DA:123,2
DA:125,2
DA:129,2
DA:131,2
DA:132,2
DA:133,2
DA:134,2
DA:135,2
DA:137,1
DA:141,1
DA:147,1
DA:149,1
DA:151,1
DA:154,1
DA:155,2
DA:156,4
DA:157,5
DA:158,1
DA:159,1
DA:163,1
DA:173,1
DA:174,1
DA:176,1
DA:177,1
DA:178,1
DA:180,1
DA:181,1
DA:182,1
DA:183,0
DA:184,0
DA:185,1
DA:186,1
DA:187,1
DA:188,5
LF:106
LH:97
BRDA:4,0,0,14
BRDA:13,1,0,5
BRDA:60,2,0,4
BRDA:157,3,0,1
BRDA:16,4,0,5
BRDA:21,5,0,3
BRDA:91,6,0,1
BRDA:101,7,0,1
BRDA:106,8,0,0
BRDA:116,9,0,2
BRDA:123,10,0,0
BRDA:135,11,0,1
BRDA:181,12,0,1
BRDA:182,13,0,0
BRF:14
BRH:11
end_of_record
TN:
SF:src/features/history/favorites-store.ts
FN:8,createFavoritesStore
FN:12,isFavorite
FN:16,toggle
FN:26,sort
FN:42,persist
FN:48,loadFavorites
FNF:6
FNH:6
FNDA:9,createFavoritesStore
FNDA:10,isFavorite
FNDA:6,toggle
FNDA:4,sort
FNDA:2,persist
FNDA:9,loadFavorites
DA:8,1
DA:9,9
DA:11,9
DA:12,9
DA:13,10
DA:14,10
DA:16,9
DA:17,6
DA:18,1
DA:19,1
DA:20,1
DA:22,5
DA:23,5
DA:24,6
DA:26,9
DA:27,4
DA:28,4
DA:30,4
DA:31,9
DA:32,3
DA:33,3
DA:34,3
DA:36,6
DA:37,4
DA:39,4
DA:40,4
DA:42,9
DA:43,2
DA:44,2
DA:45,9
DA:46,9
DA:48,9
DA:49,9
DA:51,9
DA:52,6
DA:53,6
DA:55,3
DA:56,3
DA:58,9
DA:59,1
DA:60,1
DA:62,1
DA:63,1
DA:64,1
DA:65,1
DA:66,9
LF:46
LH:46
BRDA:8,0,0,9
BRDA:12,1,0,10
BRDA:16,2,0,6
BRDA:17,3,0,1
BRDA:20,4,0,5
BRDA:26,5,0,4
BRDA:30,6,0,9
BRDA:31,7,0,7
BRDA:31,8,0,3
BRDA:34,9,0,6
BRDA:42,10,0,2
BRDA:48,11,0,9
BRDA:51,12,0,6
BRDA:53,13,0,3
BRDA:58,14,0,1
BRDA:62,15,0,1
BRF:16
BRH:16
end_of_record
TN:
SF:src/features/history/history-list.ts
FN:16,renderHistoryList
FN:58,helpButton.onclick
FN:116,runButton.onclick
FN:128,favoriteButton.onclick
FN:158,saveButton.onclick
FNF:5
FNH:3
FNDA:3,renderHistoryList
FNDA:0,helpButton.onclick
FNDA:0,runButton.onclick
FNDA:1,favoriteButton.onclick
FNDA:1,saveButton.onclick
DA:16,1
DA:17,3
DA:18,3
DA:19,3
DA:20,3
DA:21,3
DA:22,3
DA:23,3
DA:24,3
DA:25,3
DA:26,3
DA:27,3
DA:29,3
DA:31,3
DA:32,5
DA:34,4
DA:35,4
DA:37,5
DA:38,1
DA:39,1
DA:41,4
DA:42,4
DA:44,4
DA:45,4
DA:46,4
DA:48,4
DA:50,4
DA:51,4
DA:53,4
DA:55,4
DA:56,4
DA:58,4
DA:60,0
DA:62,0
DA:63,0
DA:64,0
DA:65,0
DA:66,0
DA:68,0
DA:69,0
DA:70,0
DA:72,0
DA:73,0
DA:75,0
DA:76,0
DA:78,0
DA:87,0
DA:89,0
DA:91,0
DA:92,0
DA:93,0
DA:95,0
DA:97,0
DA:99,0
DA:100,0
DA:101,0
DA:102,0
DA:103,0
DA:104,4
DA:105,4
DA:107,4
DA:108,4
DA:110,4
DA:112,4
DA:113,4
DA:115,4
DA:116,4
DA:118,0
DA:120,0
DA:121,0
DA:123,4
DA:124,4
DA:125,5
DA:126,5
DA:128,5
DA:129,1
DA:131,1
DA:132,1
DA:134,1
DA:135,0
DA:136,1
DA:137,1
DA:138,1
DA:139,1
DA:141,1
DA:142,1
DA:144,1
DA:145,1
DA:146,1
DA:147,0
DA:148,0
DA:149,1
DA:151,5
DA:152,5
DA:154,5
DA:155,5
DA:156,5
DA:158,5
DA:159,1
DA:161,1
DA:162,1
DA:163,1
DA:164,1
DA:165,0
DA:166,0
DA:168,1
DA:169,1
DA:170,0
DA:171,0
DA:172,0
DA:173,1
DA:175,5
DA:177,5
DA:178,5
DA:180,5
DA:181,5
DA:183,5
DA:185,5
DA:187,5
DA:189,5
DA:191,5
DA:192,5
DA:195,5
DA:196,3
DA:197,3
LF:125
LH:88
BRDA:16,0,0,3
BRDA:31,1,0,5
BRDA:32,2,0,1
BRDA:32,3,0,4
BRDA:37,4,0,1
BRDA:39,5,0,4
BRDA:125,6,0,1
BRDA:125,7,0,3
BRDA:126,8,0,1
BRDA:126,9,0,3
BRDA:155,10,0,4
BRDA:155,11,0,0
BRDA:156,12,0,4
BRDA:156,13,0,0
BRDA:128,14,0,1
BRDA:134,15,0,0
BRDA:146,16,0,0
BRDA:158,17,0,1
BRDA:164,18,0,0
BRDA:169,19,0,0
BRF:20
BRH:14
end_of_record
TN:
SF:src/features/history/saved-commands-cache.ts
FN:3,<instance_members_initializer>
FN:6,sync
FN:18,getId
FN:22,has
FNF:4
FNH:4
FNDA:4,<instance_members_initializer>
FNDA:1,sync
FNDA:6,getId
FNDA:2,has
DA:1,1
DA:3,1
DA:4,4
DA:6,4
DA:7,1
DA:9,1
DA:11,1
DA:12,3
DA:13,2
DA:14,2
DA:15,1
DA:16,1
DA:18,4
DA:19,6
DA:20,6
DA:22,4
DA:23,2
DA:24,2
DA:25,4
LF:19
LH:19
BRDA:3,0,0,4
BRDA:6,1,0,1
BRDA:11,2,0,3
BRDA:12,3,0,2
BRDA:18,4,0,6
BRDA:22,5,0,2
BRF:6
BRH:6
end_of_record
TN:
SF:src/features/history/saved-commands-modal.ts
FN:10,openSavedCommandsModal
FNF:1
FNH:1
FNDA:3,openSavedCommandsModal
DA:2,1
DA:10,3
DA:11,3
DA:13,3
DA:15,3
DA:16,2
DA:17,2
DA:18,2
DA:20,1
DA:21,1
DA:22,1
DA:23,1
DA:24,1
DA:27,1
DA:32,1
DA:40,1
DA:47,1
DA:48,1
DA:49,1
DA:51,1
DA:53,1
DA:54,1
DA:55,1
DA:56,1
DA:58,1
DA:60,1
DA:61,1
DA:62,1
DA:63,1
DA:64,0
DA:65,0
DA:66,1
DA:67,1
DA:69,1
DA:71,1
DA:72,1
DA:73,1
DA:74,1
DA:76,1
DA:77,1
DA:78,0
DA:79,0
DA:80,1
DA:81,1
DA:82,1
LF:45
LH:41
BRDA:10,0,0,3
BRDA:15,1,0,2
BRDA:18,2,0,1
BRDA:23,3,0,1
BRDA:53,4,0,1
BRDA:54,5,0,1
BRDA:63,6,0,0
BRDA:71,7,0,1
BRDA:72,8,0,1
BRDA:76,9,0,0
BRDA:77,10,0,0
BRF:11
BRH:8
end_of_record
TN:
SF:src/features/history/saved-history-modal.ts
FN:10,openSavedHistoryModal
FNF:1
FNH:1
FNDA:1,openSavedHistoryModal
DA:2,1
DA:10,1
DA:11,1
DA:13,1
DA:15,1
DA:16,1
DA:17,1
DA:18,1
DA:20,0
DA:21,0
DA:22,0
DA:23,0
DA:24,0
DA:28,0
DA:30,0
DA:34,0
DA:40,0
DA:41,0
DA:42,0
DA:44,0
DA:46,0
DA:47,0
DA:48,0
DA:49,0
DA:51,0
DA:53,0
DA:54,0
DA:55,0
DA:56,0
DA:57,0
DA:58,0
DA:59,0
DA:60,0
DA:62,0
DA:64,0
DA:65,0
DA:66,0
DA:67,0
DA:69,0
DA:70,0
DA:71,0
DA:72,0
DA:73,0
DA:74,0
DA:75,0
LF:45
LH:8
BRDA:10,0,0,1
BRDA:18,1,0,0
BRF:2
BRH:1
end_of_record
TN:
SF:src/features/modal/saved-modal.ts
FN:1,openSavedModal
FN:30,closeButton.onclick
FNF:2
FNH:2
FNDA:2,openSavedModal
FNDA:1,closeButton.onclick
DA:1,1
DA:2,2
DA:4,2
DA:12,2
DA:20,2
DA:27,2
DA:29,2
DA:30,2
DA:31,1
DA:32,1
DA:33,2
DA:34,2
LF:12
LH:12
BRDA:1,0,0,2
BRDA:30,1,0,1
BRF:2
BRH:2
end_of_record
TN:
SF:src/services/tauri-api.ts
FN:5,hasTldr
FN:9,installTldr
FN:13,hasInternet
FN:17,hasXdotool
FN:21,installXdotool
FN:25,getHistory
FN:29,saveHistory
FN:33,saveCommand
FN:37,deleteSavedCommand
FN:41,runCommand
FN:45,saveTerminalWindow
FN:49,disconnectTerminal
FN:53,getSavedCommands
FN:57,getSavedHistory
FN:61,getTldr
FN:65,getCommandHelp
FNF:16
FNH:13
FNDA:1,hasTldr
FNDA:1,installTldr
FNDA:0,hasInternet
FNDA:0,hasXdotool
FNDA:0,installXdotool
FNDA:1,getHistory
FNDA:1,saveHistory
FNDA:1,saveCommand
FNDA:1,deleteSavedCommand
FNDA:1,runCommand
FNDA:1,saveTerminalWindow
FNDA:1,disconnectTerminal
FNDA:1,getSavedCommands
FNDA:1,getSavedHistory
FNDA:1,getTldr
FNDA:1,getCommandHelp
DA:1,1
DA:4,1
DA:5,1
DA:6,1
DA:7,1
DA:9,1
DA:10,1
DA:11,1
DA:13,1
DA:14,0
DA:15,0
DA:17,1
DA:18,0
DA:19,0
DA:21,1
DA:22,0
DA:23,0
DA:25,1
DA:26,1
DA:27,1
DA:29,1
DA:30,1
DA:31,1
DA:33,1
DA:34,1
DA:35,1
DA:37,1
DA:38,1
DA:39,1
DA:41,1
DA:42,1
DA:43,1
DA:45,1
DA:46,1
DA:47,1
DA:49,1
DA:50,1
DA:51,1
DA:53,1
DA:54,1
DA:55,1
DA:57,1
DA:58,1
DA:59,1
DA:61,1
DA:62,1
DA:63,1
DA:65,1
DA:66,1
DA:67,1
DA:68,1
LF:51
LH:45
BRDA:5,0,0,1
BRDA:9,1,0,1
BRDA:25,2,0,1
BRDA:29,3,0,1
BRDA:33,4,0,1
BRDA:37,5,0,1
BRDA:41,6,0,1
BRDA:45,7,0,1
BRDA:49,8,0,1
BRDA:53,9,0,1
BRDA:57,10,0,1
BRDA:61,11,0,1
BRDA:65,12,0,1
BRF:13
BRH:13
end_of_record
TN:
SF:src/services/toast.ts
FN:1,showToast
FNF:1
FNH:1
FNDA:2,showToast
DA:1,1
DA:2,2
DA:3,2
DA:5,1
DA:6,1
DA:7,1
DA:8,1
DA:10,1
DA:11,1
DA:12,1
DA:13,1
DA:14,1
LF:12
LH:12
BRDA:1,0,0,2
BRDA:3,1,0,1
BRDA:10,2,0,1
BRDA:12,3,0,1
BRF:4
BRH:4
end_of_record
TN:
SF:src/shared/types/command.ts
FN:1,(empty-report)
FNF:1
FNH:1
FNDA:1,(empty-report)
LF:0
LH:0
BRDA:1,0,0,1
BRF:1
BRH:1
end_of_record
